<?xml version="1.0" encoding="UTF-8"?>
<testng-results ignored="0" total="1" passed="1" failed="0" skipped="0">
  <reporter-output>
  </reporter-output>
  <suite started-at="2023-06-22T07:05:24 IST" name="Mysuite" finished-at="2023-06-22T07:05:37 IST" duration-ms="12870">
    <groups>
    </groups>
    <test started-at="2023-06-22T07:05:24 IST" name="EAppTestAutomation" finished-at="2023-06-22T07:05:37 IST" duration-ms="12870">
      <class name="Mypack.NewTest">
        <test-method is-config="true" signature="beforeTest()[pri:0, instance:Mypack.NewTest@625732]" started-at="2023-06-22T07:05:24 IST" name="beforeTest" finished-at="2023-06-22T07:05:28 IST" duration-ms="3539" status="PASS">
          <reporter-output>
          </reporter-output>
        </test-method> <!-- beforeTest -->
        <test-method signature="f()[pri:0, instance:Mypack.NewTest@625732]" started-at="2023-06-22T07:05:28 IST" name="f" finished-at="2023-06-22T07:05:37 IST" duration-ms="8875" status="PASS">
          <reporter-output>
          </reporter-output>
        </test-method> <!-- f -->
        <test-method is-config="true" signature="afterTest()[pri:0, instance:Mypack.NewTest@625732]" started-at="2023-06-22T07:05:37 IST" name="afterTest" finished-at="2023-06-22T07:05:37 IST" duration-ms="411" status="PASS">
          <reporter-output>
          </reporter-output>
        </test-method> <!-- afterTest -->
      </class> <!-- Mypack.NewTest -->
    </test> <!-- EAppTestAutomation -->
  </suite> <!-- Mysuite -->
</testng-results>
